#
# There is insufficient memory for the Java Runtime Environment to continue.
# Native memory allocation (malloc) failed to allocate 1172992 bytes for Chunk::new
# Possible reasons:
#   The system is out of physical RAM or swap space
#   The process is running with CompressedOops enabled, and the Java Heap may be blocking the growth of the native heap
# Possible solutions:
#   Reduce memory load on the system
#   Increase physical memory or swap space
#   Check if swap backing store is full
#   Decrease Java heap size (-Xmx/-Xms)
#   Decrease number of Java threads
#   Decrease Java thread stack sizes (-Xss)
#   Set larger code cache with -XX:ReservedCodeCacheSize=
#   JVM is running with Unscaled Compressed Oops mode in which the Java heap is
#     placed in the first 4GB address space. The Java Heap base address is the
#     maximum limit for the native heap growth. Please use -XX:HeapBaseMinAddress
#     to set the Java Heap base and to place the Java Heap above 4GB virtual address.
# This output file may be truncated or incomplete.
#
#  Out of Memory Error (./open/src/hotspot/share/memory/arena.cpp:195), pid=25836, tid=28500
#
# JRE version: OpenJDK Runtime Environment (15.0.1+9) (build 15.0.1+9-18)
# Java VM: OpenJDK 64-Bit Server VM (15.0.1+9-18, mixed mode, tiered, compressed oops, g1 gc, windows-amd64)
# No core dump will be written. Minidumps are not enabled by default on client versions of Windows
#

---------------  S U M M A R Y ------------

Command Line: -ea -Dfile.encoding=Cp1252 -XX:+ShowCodeDetailsInExceptionMessages org.testng.remote.RemoteTestNG -serport 58920 -protocol json -d E:\ECLIPSE Program\open\test-output E:\ECLIPSE Program\open\src\main\java\HRMTestng.xml

Host: 11th Gen Intel(R) Core(TM) i3-1125G4 @ 2.00GHz, 8 cores, 7G,  Windows 10 , 64 bit Build 22621 (10.0.22621.3958)
Time: Wed Nov 13 16:22:20 2024 India Standard Time elapsed time: 6.026450 seconds (0d 0h 0m 6s)

---------------  T H R E A D  ---------------

Current thread (0x0000013d9699b100):  JavaThread "C2 CompilerThread0" daemon [_thread_in_native, id=28500, stack(0x000000262b800000,0x000000262b900000)]


Current CompileTask:
C2:   6026 1926       4       java.lang.invoke.MethodType::makeImpl (108 bytes)

Stack: [0x000000262b800000,0x000000262b900000]
Native frames: (J=compiled Java code, j=interpreted, Vv=VM code, C=native code)
V  [jvm.dll+0x62ae9a]
V  [jvm.dll+0x781389]
V  [jvm.dll+0x782ae3]
V  [jvm.dll+0x783143]
V  [jvm.dll+0x216265]
V  [jvm.dll+0x97efa]
V  [jvm.dll+0x985dc]
V  [jvm.dll+0x32e525]
V  [jvm.dll+0x18e2e1]
V  [jvm.dll+0x1ea762]
V  [jvm.dll+0x1e98ae]
V  [jvm.dll+0x1784c7]
V  [jvm.dll+0x1f9165]
V  [jvm.dll+0x1f720c]
V  [jvm.dll+0x74485d]
V  [jvm.dll+0x73d65a]
V  [jvm.dll+0x629c56]
C  [ucrtbase.dll+0x29333]
C  [KERNEL32.DLL+0x1257d]
C  [ntdll.dll+0x5af08]


---------------  P R O C E S S  ---------------

Threads class SMR info:
_java_thread_list=0x0000013d983c6bc0, length=21, elements={
0x0000013dfc08f6f0, 0x0000013d9697c130, 0x0000013d96134b30, 0x0000013d9613c910,
0x0000013d9613e2d0, 0x0000013d969987b0, 0x0000013d9699b100, 0x0000013d969bf850,
0x0000013d969d1a10, 0x0000013d96b578f0, 0x0000013d96b64800, 0x0000013d97367560,
0x0000013d981f9bc0, 0x0000013d9830c540, 0x0000013d982faf50, 0x0000013d982fd430,
0x0000013d9858c8c0, 0x0000013d983c2900, 0x0000013d983c5450, 0x0000013d983c3c40,
0x0000013d983c4110
}

Java Threads: ( => current thread )
  0x0000013dfc08f6f0 JavaThread "Forwarding get on session 1c4866b2-db69-48c2-8a58-19b592f3d41c to remote" [_thread_blocked, id=26668, stack(0x000000262ac00000,0x000000262ad00000)]
  0x0000013d9697c130 JavaThread "Reference Handler" daemon [_thread_blocked, id=13852, stack(0x000000262b300000,0x000000262b400000)]
  0x0000013d96134b30 JavaThread "Finalizer" daemon [_thread_blocked, id=5300, stack(0x000000262b400000,0x000000262b500000)]
  0x0000013d9613c910 JavaThread "Signal Dispatcher" daemon [_thread_blocked, id=20712, stack(0x000000262b500000,0x000000262b600000)]
  0x0000013d9613e2d0 JavaThread "Attach Listener" daemon [_thread_blocked, id=28592, stack(0x000000262b600000,0x000000262b700000)]
  0x0000013d969987b0 JavaThread "Service Thread" daemon [_thread_blocked, id=28568, stack(0x000000262b700000,0x000000262b800000)]
=>0x0000013d9699b100 JavaThread "C2 CompilerThread0" daemon [_thread_in_native, id=28500, stack(0x000000262b800000,0x000000262b900000)]
  0x0000013d969bf850 JavaThread "C1 CompilerThread0" daemon [_thread_blocked, id=25888, stack(0x000000262b900000,0x000000262ba00000)]
  0x0000013d969d1a10 JavaThread "Sweeper thread" daemon [_thread_blocked, id=25664, stack(0x000000262ba00000,0x000000262bb00000)]
  0x0000013d96b578f0 JavaThread "Notification Thread" daemon [_thread_blocked, id=28256, stack(0x000000262bb00000,0x000000262bc00000)]
  0x0000013d96b64800 JavaThread "Common-Cleaner" daemon [_thread_blocked, id=27024, stack(0x000000262bd00000,0x000000262be00000)]
  0x0000013d97367560 JavaThread "ReaderThread" [_thread_in_native, id=7724, stack(0x000000262bf00000,0x000000262c000000)]
  0x0000013d981f9bc0 JavaThread "ForkJoinPool.commonPool-worker-3" daemon [_thread_blocked, id=19636, stack(0x000000262c400000,0x000000262c500000)]
  0x0000013d9830c540 JavaThread "HttpClient-1-SelectorManager" daemon [_thread_in_native, id=27992, stack(0x000000262c700000,0x000000262c800000)]
  0x0000013d982faf50 JavaThread "External Process Output Forwarder - C:\Users\navee\.cache\selenium\geckodriver\win64\0.35.0\geckodriver.exe" daemon [_thread_in_native, id=27168, stack(0x000000262c800000,0x000000262c900000)]
  0x0000013d982fd430 JavaThread "Driver Service Executor" daemon [_thread_blocked, id=24944, stack(0x000000262c900000,0x000000262ca00000)]
  0x0000013d9858c8c0 JavaThread "Driver Service Executor" daemon [_thread_in_native, id=18904, stack(0x000000262ca00000,0x000000262cb00000)]
  0x0000013d983c2900 JavaThread "JdkHttpClient-0-0" daemon [_thread_blocked, id=27764, stack(0x000000262c500000,0x000000262c600000)]
  0x0000013d983c5450 JavaThread "JdkHttpClient-0-1" daemon [_thread_blocked, id=28516, stack(0x000000262cb00000,0x000000262cc00000)]
  0x0000013d983c3c40 JavaThread "JdkHttpClient-0-2" daemon [_thread_blocked, id=28584, stack(0x000000262cc00000,0x000000262cd00000)]
  0x0000013d983c4110 JavaThread "HttpClient-2-SelectorManager" daemon [_thread_in_native, id=29516, stack(0x000000262cd00000,0x000000262ce00000)]

Other Threads:
  0x0000013d9612d070 VMThread "VM Thread" [stack: 0x000000262b200000,0x000000262b300000] [id=26312]
  0x0000013d96b4b350 WatcherThread [stack: 0x000000262bc00000,0x000000262bd00000] [id=24152]
  0x0000013dfc0d06c0 GCTaskThread "GC Thread#0" [stack: 0x000000262ad00000,0x000000262ae00000] [id=28208]
  0x0000013d96ef1a40 GCTaskThread "GC Thread#1" [stack: 0x000000262c000000,0x000000262c100000] [id=27100]
  0x0000013d96ef33c0 GCTaskThread "GC Thread#2" [stack: 0x000000262c100000,0x000000262c200000] [id=26000]
  0x0000013d96ef46e0 GCTaskThread "GC Thread#3" [stack: 0x000000262c200000,0x000000262c300000] [id=26644]
  0x0000013dfc0e0bd0 ConcurrentGCThread "G1 Main Marker" [stack: 0x000000262ae00000,0x000000262af00000] [id=27456]
  0x0000013dfc0e1580 ConcurrentGCThread "G1 Conc#0" [stack: 0x000000262af00000,0x000000262b000000] [id=25488]
  0x0000013d96ef36f0 ConcurrentGCThread "G1 Conc#1" [stack: 0x000000262c600000,0x000000262c700000] [id=25260]
  0x0000013d95f50090 ConcurrentGCThread "G1 Refine#0" [stack: 0x000000262b000000,0x000000262b100000] [id=26836]
  0x0000013d97dbf120 ConcurrentGCThread "G1 Refine#1" [stack: 0x000000262c300000,0x000000262c400000] [id=27996]
  0x0000013d95f511f0 ConcurrentGCThread "G1 Young RemSet Sampling" [stack: 0x000000262b100000,0x000000262b200000] [id=28076]

Threads with active compile tasks:
C2 CompilerThread0     6052 1926       4       java.lang.invoke.MethodType::makeImpl (108 bytes)

VM state: not at safepoint (normal execution)

VM Mutex/Monitor currently owned by a thread: None

Heap address: 0x0000000085800000, size: 1960 MB, Compressed Oops mode: 32-bit
CDS disabled.
Compressed class space mapped at: 0x0000000100000000-0x0000000140000000, size: 1073741824
Narrow klass base: 0x0000000000000000, Narrow klass shift: 3, Narrow klass range: 0x140000000

GC Precious Log:
 CPUs: 8 total, 8 available
 Memory: 7834M
 Large Page Support: Disabled
 NUMA Support: Disabled
 Compressed Oops: Enabled (32-bit)
 Heap Region Size: 1M
 Heap Min Capacity: 8M
 Heap Initial Capacity: 124M
 Heap Max Capacity: 1960M
 Pre-touch: Disabled
 Parallel Workers: 8
 Concurrent Workers: 2
 Concurrent Refinement Workers: 8
 Periodic GC: Disabled

Heap:
 garbage-first heap   total 37888K, used 20345K [0x0000000085800000, 0x0000000100000000)
  region size 1024K, 15 young (15360K), 2 survivors (2048K)
 Metaspace       used 23264K, capacity 23580K, committed 23680K, reserved 1071104K
  class space    used 2512K, capacity 2625K, committed 2688K, reserved 1048576K

Heap Regions: E=young(eden), S=young(survivor), O=old, HS=humongous(starts), HC=humongous(continues), CS=collection set, F=free, OA=open archive, CA=closed archive, TAMS=top-at-mark-start (previous, next)
|   0|0x0000000085800000, 0x0000000085900000, 0x0000000085900000|100%| O|  |TAMS 0x0000000085900000, 0x0000000085800000| Untracked 
|   1|0x0000000085900000, 0x0000000085a00000, 0x0000000085a00000|100%| O|  |TAMS 0x0000000085a00000, 0x0000000085900000| Untracked 
|   2|0x0000000085a00000, 0x0000000085b00000, 0x0000000085b00000|100%| O|  |TAMS 0x0000000085aa8600, 0x0000000085a00000| Untracked 
|   3|0x0000000085b00000, 0x0000000085c00000, 0x0000000085c00000|100%| O|  |TAMS 0x0000000085b00000, 0x0000000085b00000| Untracked 
|   4|0x0000000085c00000, 0x0000000085d00000, 0x0000000085d00000|100%| O|  |TAMS 0x0000000085c00000, 0x0000000085c00000| Untracked 
|   5|0x0000000085d00000, 0x0000000085e00000, 0x0000000085e00000|100%| O|  |TAMS 0x0000000085d00000, 0x0000000085d00000| Untracked 
|   6|0x0000000085e00000, 0x0000000085e0ea00, 0x0000000085f00000|  5%| O|  |TAMS 0x0000000085e00000, 0x0000000085e00000| Untracked 
|   7|0x0000000085f00000, 0x0000000085f00000, 0x0000000086000000|  0%| F|  |TAMS 0x0000000085f00000, 0x0000000085f00000| Untracked 
|   8|0x0000000086000000, 0x0000000086000000, 0x0000000086100000|  0%| F|  |TAMS 0x0000000086000000, 0x0000000086000000| Untracked 
|   9|0x0000000086100000, 0x0000000086100000, 0x0000000086200000|  0%| F|  |TAMS 0x0000000086100000, 0x0000000086100000| Untracked 
|  10|0x0000000086200000, 0x0000000086200000, 0x0000000086300000|  0%| F|  |TAMS 0x0000000086200000, 0x0000000086200000| Untracked 
|  11|0x0000000086300000, 0x0000000086300000, 0x0000000086400000|  0%| F|  |TAMS 0x0000000086300000, 0x0000000086300000| Untracked 
|  12|0x0000000086400000, 0x0000000086400000, 0x0000000086500000|  0%| F|  |TAMS 0x0000000086400000, 0x0000000086400000| Untracked 
|  13|0x0000000086500000, 0x0000000086500000, 0x0000000086600000|  0%| F|  |TAMS 0x0000000086500000, 0x0000000086500000| Untracked 
|  14|0x0000000086600000, 0x0000000086600000, 0x0000000086700000|  0%| F|  |TAMS 0x0000000086600000, 0x0000000086600000| Untracked 
|  15|0x0000000086700000, 0x0000000086700000, 0x0000000086800000|  0%| F|  |TAMS 0x0000000086700000, 0x0000000086700000| Untracked 
|  16|0x0000000086800000, 0x0000000086800000, 0x0000000086900000|  0%| F|  |TAMS 0x0000000086800000, 0x0000000086800000| Untracked 
|  17|0x0000000086900000, 0x0000000086900000, 0x0000000086a00000|  0%| F|  |TAMS 0x0000000086900000, 0x0000000086900000| Untracked 
|  18|0x0000000086a00000, 0x0000000086a00000, 0x0000000086b00000|  0%| F|  |TAMS 0x0000000086a00000, 0x0000000086a00000| Untracked 
|  19|0x0000000086b00000, 0x0000000086b00000, 0x0000000086c00000|  0%| F|  |TAMS 0x0000000086b00000, 0x0000000086b00000| Untracked 
|  20|0x0000000086c00000, 0x0000000086c00000, 0x0000000086d00000|  0%| F|  |TAMS 0x0000000086c00000, 0x0000000086c00000| Untracked 
|  21|0x0000000086d00000, 0x0000000086d00000, 0x0000000086e00000|  0%| F|  |TAMS 0x0000000086d00000, 0x0000000086d00000| Untracked 
|  22|0x0000000086e00000, 0x0000000086f00000, 0x0000000086f00000|100%| E|  |TAMS 0x0000000086e00000, 0x0000000086e00000| Complete 
|  23|0x0000000086f00000, 0x0000000087000000, 0x0000000087000000|100%| E|CS|TAMS 0x0000000086f00000, 0x0000000086f00000| Complete 
|  24|0x0000000087000000, 0x0000000087100000, 0x0000000087100000|100%| E|CS|TAMS 0x0000000087000000, 0x0000000087000000| Complete 
|  25|0x0000000087100000, 0x0000000087200000, 0x0000000087200000|100%| E|CS|TAMS 0x0000000087100000, 0x0000000087100000| Complete 
|  26|0x0000000087200000, 0x0000000087300000, 0x0000000087300000|100%| E|CS|TAMS 0x0000000087200000, 0x0000000087200000| Complete 
|  27|0x0000000087300000, 0x0000000087400000, 0x0000000087400000|100%| E|CS|TAMS 0x0000000087300000, 0x0000000087300000| Complete 
|  28|0x0000000087400000, 0x0000000087500000, 0x0000000087500000|100%| E|CS|TAMS 0x0000000087400000, 0x0000000087400000| Complete 
|  29|0x0000000087500000, 0x0000000087600000, 0x0000000087600000|100%| E|CS|TAMS 0x0000000087500000, 0x0000000087500000| Complete 
|  30|0x0000000087600000, 0x0000000087700000, 0x0000000087700000|100%| E|CS|TAMS 0x0000000087600000, 0x0000000087600000| Complete 
|  31|0x0000000087700000, 0x0000000087800000, 0x0000000087800000|100%| E|CS|TAMS 0x0000000087700000, 0x0000000087700000| Complete 
|  32|0x0000000087800000, 0x0000000087900000, 0x0000000087900000|100%| E|CS|TAMS 0x0000000087800000, 0x0000000087800000| Complete 
| 109|0x000000008c500000, 0x000000008c5cfda8, 0x000000008c600000| 81%| S|CS|TAMS 0x000000008c500000, 0x000000008c500000| Complete 
| 110|0x000000008c600000, 0x000000008c700000, 0x000000008c700000|100%| S|CS|TAMS 0x000000008c600000, 0x000000008c600000| Complete 
| 122|0x000000008d200000, 0x000000008d300000, 0x000000008d300000|100%| E|CS|TAMS 0x000000008d200000, 0x000000008d200000| Complete 
| 123|0x000000008d300000, 0x000000008d400000, 0x000000008d400000|100%| E|CS|TAMS 0x000000008d300000, 0x000000008d300000| Complete 

Card table byte_map: [0x0000013d8f3e0000,0x0000013d8f7c0000] _byte_map_base: 0x0000013d8efb4000

Marking Bits (Prev, Next): (CMBitMap*) 0x0000013dfc0d0cb0, (CMBitMap*) 0x0000013dfc0d0c70
 Prev Bits: [0x0000013d91a40000, 0x0000013d938e0000)
 Next Bits: [0x0000013d8fba0000, 0x0000013d91a40000)

Polling page: 0x0000013dfa030000

Metaspace:

Usage:
  Non-class:     20.46 MB capacity,    20.27 MB (>99%) used,   167.77 KB ( <1%) free+waste,    34.88 KB ( <1%) overhead. 
      Class:      2.56 MB capacity,     2.45 MB ( 96%) used,    99.03 KB (  4%) free+waste,    13.44 KB ( <1%) overhead. 
       Both:     23.03 MB capacity,    22.72 MB ( 99%) used,   266.80 KB (  1%) free+waste,    48.31 KB ( <1%) overhead. 

Virtual space:
  Non-class space:       22.00 MB reserved,      20.50 MB ( 93%) committed 
      Class space:        1.00 GB reserved,       2.62 MB ( <1%) committed 
             Both:        1.02 GB reserved,      23.12 MB (  2%) committed 

Chunk freelists:
   Non-Class:  37.00 KB
       Class:  31.00 KB
        Both:  68.00 KB

MaxMetaspaceSize: 17179869184.00 GB
CompressedClassSpaceSize: 1.00 GB

CodeHeap 'non-profiled nmethods': size=120000Kb used=726Kb max_used=726Kb free=119273Kb
 bounds [0x0000013d87ad0000, 0x0000013d87d40000, 0x0000013d8f000000]
CodeHeap 'profiled nmethods': size=120000Kb used=3558Kb max_used=3558Kb free=116442Kb
 bounds [0x0000013d805a0000, 0x0000013d80920000, 0x0000013d87ad0000]
CodeHeap 'non-nmethods': size=5760Kb used=1237Kb max_used=1268Kb free=4522Kb
 bounds [0x0000013d80000000, 0x0000013d80270000, 0x0000013d805a0000]
 total_blobs=2454 nmethods=1962 adapters=404
 compilation: enabled
              stopped_count=0, restarted_count=0
 full_count=0

Compilation events (20 events):
Event: 5.764 Thread 0x0000013d969bf850 1938       3       java.util.TreeMap::fixAfterInsertion (267 bytes)
Event: 5.767 Thread 0x0000013d969bf850 nmethod 1938 0x0000013d8090d310 code [0x0000013d8090d7c0, 0x0000013d8090fe78]
Event: 5.767 Thread 0x0000013d969bf850 1940       3       java.util.TreeMap::addEntry (59 bytes)
Event: 5.767 Thread 0x0000013d969bf850 nmethod 1940 0x0000013d80910a90 code [0x0000013d80910c60, 0x0000013d80911108]
Event: 5.767 Thread 0x0000013d969bf850 1939       3       java.util.RegularEnumSet::contains (57 bytes)
Event: 5.768 Thread 0x0000013d969bf850 nmethod 1939 0x0000013d80911310 code [0x0000013d809114e0, 0x0000013d809118a8]
Event: 5.768 Thread 0x0000013d969bf850 1941       3       java.util.stream.AbstractPipeline::copyIntoWithCancel (46 bytes)
Event: 5.768 Thread 0x0000013d969bf850 nmethod 1941 0x0000013d80911a10 code [0x0000013d80911c00, 0x0000013d809120b8]
Event: 5.768 Thread 0x0000013d969bf850 1942       3       java.util.regex.Pattern$BmpCharPredicate$$Lambda$16/0x00000001000a7c10::is (15 bytes)
Event: 5.768 Thread 0x0000013d969bf850 nmethod 1942 0x0000013d80912290 code [0x0000013d80912440, 0x0000013d80912608]
Event: 5.768 Thread 0x0000013d969bf850 1943       3       java.util.regex.Pattern$BmpCharPredicate::lambda$union$2 (26 bytes)
Event: 5.768 Thread 0x0000013d969bf850 nmethod 1943 0x0000013d80912710 code [0x0000013d809128c0, 0x0000013d80912bd8]
Event: 5.769 Thread 0x0000013d969bf850 1944       3       java.util.Optional::of (12 bytes)
Event: 5.769 Thread 0x0000013d969bf850 nmethod 1944 0x0000013d80912d10 code [0x0000013d80912ee0, 0x0000013d80913288]
Event: 5.769 Thread 0x0000013d969bf850 1945       1       java.lang.System$Logger$Level::getSeverity (5 bytes)
Event: 5.769 Thread 0x0000013d969bf850 nmethod 1945 0x0000013d87b85010 code [0x0000013d87b851a0, 0x0000013d87b85258]
Event: 5.769 Thread 0x0000013d969bf850 1946       3       java.nio.HeapByteBuffer::<init> (23 bytes)
Event: 5.770 Thread 0x0000013d969bf850 nmethod 1946 0x0000013d80913410 code [0x0000013d809135c0, 0x0000013d80913728]
Event: 5.770 Thread 0x0000013d969bf850 1947       1       java.util.concurrent.locks.AbstractQueuedSynchronizer::setState (6 bytes)
Event: 5.770 Thread 0x0000013d969bf850 nmethod 1947 0x0000013d87b85310 code [0x0000013d87b854a0, 0x0000013d87b85558]

GC Heap History (4 events):
Event: 1.384 GC heap before
{Heap before GC invocations=0 (full 0):
 garbage-first heap   total 126976K, used 22528K [0x0000000085800000, 0x0000000100000000)
  region size 1024K, 23 young (23552K), 0 survivors (0K)
 Metaspace       used 16441K, capacity 16738K, committed 16896K, reserved 1064960K
  class space    used 1658K, capacity 1737K, committed 1792K, reserved 1048576K
}
Event: 1.388 GC heap after
{Heap after GC invocations=1 (full 0):
 garbage-first heap   total 126976K, used 5793K [0x0000000085800000, 0x0000000100000000)
  region size 1024K, 3 young (3072K), 3 survivors (3072K)
 Metaspace       used 16441K, capacity 16738K, committed 16896K, reserved 1064960K
  class space    used 1658K, capacity 1737K, committed 1792K, reserved 1048576K
}
Event: 1.630 GC heap before
{Heap before GC invocations=1 (full 0):
 garbage-first heap   total 126976K, used 18081K [0x0000000085800000, 0x0000000100000000)
  region size 1024K, 16 young (16384K), 3 survivors (3072K)
 Metaspace       used 20889K, capacity 21146K, committed 21248K, reserved 1069056K
  class space    used 2160K, capacity 2264K, committed 2304K, reserved 1048576K
}
Event: 1.634 GC heap after
{Heap after GC invocations=2 (full 0):
 garbage-first heap   total 126976K, used 8057K [0x0000000085800000, 0x0000000100000000)
  region size 1024K, 2 young (2048K), 2 survivors (2048K)
 Metaspace       used 20889K, capacity 21146K, committed 21248K, reserved 1069056K
  class space    used 2160K, capacity 2264K, committed 2304K, reserved 1048576K
}

Deoptimization events (20 events):
Event: 2.195 Thread 0x0000013dfc08f6f0 Uncommon trap: trap_request=0xffffffde fr.pc=0x0000013d87b596e4 relative=0x00000000000003a4
Event: 2.195 Thread 0x0000013dfc08f6f0 Uncommon trap: reason=class_check action=maybe_recompile pc=0x0000013d87b596e4 method=java.util.HashSet.iterator()Ljava/util/Iterator; @ 4 c2
Event: 2.195 Thread 0x0000013dfc08f6f0 DEOPT PACKING pc=0x0000013d87b596e4 sp=0x000000262acfd0e0
Event: 2.195 Thread 0x0000013dfc08f6f0 DEOPT UNPACKING pc=0x0000013d8000852f sp=0x000000262acfd0b0 mode 2
Event: 2.195 Thread 0x0000013dfc08f6f0 Uncommon trap: trap_request=0xffffffde fr.pc=0x0000013d87b596e4 relative=0x00000000000003a4
Event: 2.195 Thread 0x0000013dfc08f6f0 Uncommon trap: reason=class_check action=maybe_recompile pc=0x0000013d87b596e4 method=java.util.HashSet.iterator()Ljava/util/Iterator; @ 4 c2
Event: 2.195 Thread 0x0000013dfc08f6f0 DEOPT PACKING pc=0x0000013d87b596e4 sp=0x000000262acfc9e0
Event: 2.195 Thread 0x0000013dfc08f6f0 DEOPT UNPACKING pc=0x0000013d8000852f sp=0x000000262acfc9b0 mode 2
Event: 2.196 Thread 0x0000013dfc08f6f0 Uncommon trap: trap_request=0xffffffde fr.pc=0x0000013d87b596e4 relative=0x00000000000003a4
Event: 2.196 Thread 0x0000013dfc08f6f0 Uncommon trap: reason=class_check action=maybe_recompile pc=0x0000013d87b596e4 method=java.util.HashSet.iterator()Ljava/util/Iterator; @ 4 c2
Event: 2.196 Thread 0x0000013dfc08f6f0 DEOPT PACKING pc=0x0000013d87b596e4 sp=0x000000262acfc2d0
Event: 2.196 Thread 0x0000013dfc08f6f0 DEOPT UNPACKING pc=0x0000013d8000852f sp=0x000000262acfc2a0 mode 2
Event: 2.228 Thread 0x0000013d983c2900 Uncommon trap: trap_request=0xffffff45 fr.pc=0x0000013d87b4d4c4 relative=0x00000000000000a4
Event: 2.228 Thread 0x0000013d983c2900 Uncommon trap: reason=unstable_if action=reinterpret pc=0x0000013d87b4d4c4 method=java.lang.CharacterDataLatin1.digit(II)I @ 12 c2
Event: 2.228 Thread 0x0000013d983c2900 DEOPT PACKING pc=0x0000013d87b4d4c4 sp=0x000000262c5fe640
Event: 2.228 Thread 0x0000013d983c2900 DEOPT UNPACKING pc=0x0000013d8000852f sp=0x000000262c5fe5b8 mode 2
Event: 5.733 Thread 0x0000013dfc08f6f0 Uncommon trap: trap_request=0xffffff45 fr.pc=0x0000013d87b4fbd0 relative=0x00000000000010b0
Event: 5.733 Thread 0x0000013dfc08f6f0 Uncommon trap: reason=unstable_if action=reinterpret pc=0x0000013d87b4fbd0 method=java.util.concurrent.ConcurrentHashMap.putVal(Ljava/lang/Object;Ljava/lang/Object;Z)Ljava/lang/Object; @ 231 c2
Event: 5.733 Thread 0x0000013dfc08f6f0 DEOPT PACKING pc=0x0000013d87b4fbd0 sp=0x000000262acfd830
Event: 5.733 Thread 0x0000013dfc08f6f0 DEOPT UNPACKING pc=0x0000013d8000852f sp=0x000000262acfd7c0 mode 2

Classes unloaded (0 events):
No events

Classes redefined (0 events):
No events

Internal exceptions (20 events):
Event: 1.433 Thread 0x0000013dfc08f6f0 Exception <a 'java/lang/NoSuchMethodError'{0x000000008d180b30}: 'java.lang.Object java.lang.invoke.DirectMethodHandle$Holder.newInvokeSpecial(java.lang.Object, java.lang.Object, int)'> (0x000000008d180b30) 
thrown [./open/src/hotspot/share/interpreter/linkResolver.cpp, line 782]
Event: 1.435 Thread 0x0000013dfc08f6f0 Exception <a 'java/lang/NoSuchMethodError'{0x000000008d19dae8}: 'int java.lang.invoke.DirectMethodHandle$Holder.invokeSpecialIFC(java.lang.Object, java.lang.Object, java.lang.Object)'> (0x000000008d19dae8) 
thrown [./open/src/hotspot/share/interpreter/linkResolver.cpp, line 782]
Event: 1.475 Thread 0x0000013dfc08f6f0 Exception <a 'sun/nio/fs/WindowsException'{0x000000008d0eb038}> (0x000000008d0eb038) 
thrown [./open/src/hotspot/share/prims/jni.cpp, line 578]
Event: 1.484 Thread 0x0000013dfc08f6f0 Exception <a 'java/lang/NoSuchMethodError'{0x000000008cf0f5c0}: 'int java.lang.invoke.DirectMethodHandle$Holder.invokeStaticInit(java.lang.Object, java.lang.Object, java.lang.Object, java.lang.Object)'> (0x000000008cf0f5c0) 
thrown [./open/src/hotspot/share/interpreter/linkResolver.cpp, line 782]
Event: 1.651 Thread 0x0000013dfc08f6f0 Exception <a 'java/lang/NoSuchMethodError'{0x000000008d2994a8}: 'java.lang.Object java.lang.invoke.DirectMethodHandle$Holder.invokeInterface(java.lang.Object, java.lang.Object, java.lang.Object)'> (0x000000008d2994a8) 
thrown [./open/src/hotspot/share/interpreter/linkResolver.cpp, line 782]
Event: 1.651 Thread 0x0000013dfc08f6f0 Exception <a 'java/lang/IncompatibleClassChangeError'{0x000000008d29cd40}: Found class java.lang.Object, but interface was expected> (0x000000008d29cd40) 
thrown [./open/src/hotspot/share/interpreter/linkResolver.cpp, line 848]
Event: 1.653 Thread 0x0000013dfc08f6f0 Exception <a 'java/lang/NoSuchMethodError'{0x000000008d2a5a88}: 'int java.lang.invoke.DirectMethodHandle$Holder.invokeSpecialIFC(java.lang.Object, java.lang.Object, java.lang.Object, java.lang.Object)'> (0x000000008d2a5a88) 
thrown [./open/src/hotspot/share/interpreter/linkResolver.cpp, line 782]
Event: 1.656 Thread 0x0000013dfc08f6f0 Exception <a 'java/lang/NoSuchMethodError'{0x000000008d2cc270}: 'java.lang.Object java.lang.invoke.DirectMethodHandle$Holder.invokeVirtual(java.lang.Object, java.lang.Object, java.lang.Object, java.lang.Object)'> (0x000000008d2cc270) 
thrown [./open/src/hotspot/share/interpreter/linkResolver.cpp, line 782]
Event: 2.189 Thread 0x0000013dfc08f6f0 Exception <a 'java/lang/NoSuchMethodError'{0x000000008774d5c0}: 'java.lang.Object java.lang.invoke.DirectMethodHandle$Holder.newInvokeSpecial(java.lang.Object, java.lang.Object, int, int)'> (0x000000008774d5c0) 
thrown [./open/src/hotspot/share/interpreter/linkResolver.cpp, line 782]
Event: 2.189 Thread 0x0000013dfc08f6f0 Exception <a 'java/lang/NoSuchMethodError'{0x0000000087758568}: 'void java.lang.invoke.DirectMethodHandle$Holder.invokeStatic(java.lang.Object, java.lang.Object, int)'> (0x0000000087758568) 
thrown [./open/src/hotspot/share/interpreter/linkResolver.cpp, line 782]
Event: 2.196 Thread 0x0000013dfc08f6f0 Exception <a 'java/lang/NoSuchMethodError'{0x00000000877c19b0}: 'java.lang.Object java.lang.invoke.DirectMethodHandle$Holder.newInvokeSpecial(java.lang.Object, java.lang.Object, java.lang.Object, java.lang.Object, java.lang.Object)'> (0x00000000877c19b0) 
thrown [./open/src/hotspot/share/interpreter/linkResolver.cpp, line 782]
Event: 2.200 Thread 0x0000013dfc08f6f0 Exception <a 'java/lang/NoSuchMethodError'{0x00000000877e83c8}: 'void java.lang.invoke.DirectMethodHandle$Holder.invokeInterface(java.lang.Object, java.lang.Object, java.lang.Object)'> (0x00000000877e83c8) 
thrown [./open/src/hotspot/share/interpreter/linkResolver.cpp, line 782]
Event: 2.224 Thread 0x0000013d983c2900 Exception <a 'java/lang/NoSuchMethodError'{0x000000008742f0e8}: 'java.lang.Object java.lang.invoke.DirectMethodHandle$Holder.invokeSpecial(java.lang.Object, java.lang.Object, java.lang.Object, java.lang.Object, int)'> (0x000000008742f0e8) 
thrown [./open/src/hotspot/share/interpreter/linkResolver.cpp, line 782]
Event: 2.225 Thread 0x0000013d983c2900 Exception <a 'java/lang/NoSuchMethodError'{0x0000000087432ea8}: 'java.lang.Object java.lang.invoke.Invokers$Holder.linkToTargetMethod(java.lang.Object, java.lang.Object, int, java.lang.Object)'> (0x0000000087432ea8) 
thrown [./open/src/hotspot/share/interpreter/linkResolver.cpp, line 782]
Event: 2.239 Thread 0x0000013d983c2900 Exception <a 'java/lang/NoSuchMethodError'{0x000000008737cda0}: 'void java.lang.invoke.DirectMethodHandle$Holder.invokeSpecial(java.lang.Object, java.lang.Object, java.lang.Object, java.lang.Object, java.lang.Object)'> (0x000000008737cda0) 
thrown [./open/src/hotspot/share/interpreter/linkResolver.cpp, line 782]
Event: 5.682 Thread 0x0000013d983c2900 Exception <a 'java/lang/NoSuchMethodError'{0x0000000087143700}: 'java.lang.Object java.lang.invoke.DirectMethodHandle$Holder.newInvokeSpecial(java.lang.Object, java.lang.Object, long, java.lang.Object, java.lang.Object, java.lang.Object)'> (0x0000000087143700) 
thrown [./open/src/hotspot/share/interpreter/linkResolver.cpp, line 782]
Event: 5.687 Thread 0x0000013d983c2900 Exception <a 'java/lang/NoSuchMethodError'{0x000000008716a788}: 'void java.lang.invoke.DirectMethodHandle$Holder.invokeSpecial(java.lang.Object, java.lang.Object, java.lang.Object, java.lang.Object, java.lang.Object, java.lang.Object, java.lang.Object)'> (0x000000008716a788) 
thrown [./open/src/hotspot/share/interpreter/linkResolver.cpp, line 782]
Event: 5.700 Thread 0x0000013dfc08f6f0 Exception <a 'java/lang/NoSuchMethodError'{0x000000008753e018}: 'java.lang.Object java.lang.invoke.DirectMethodHandle$Holder.invokeSpecialIFC(java.lang.Object, java.lang.Object, java.lang.Object)'> (0x000000008753e018) 
thrown [./open/src/hotspot/share/interpreter/linkResolver.cpp, line 782]
Event: 5.758 Thread 0x0000013dfc08f6f0 Exception <a 'java/lang/NoSuchMethodError'{0x0000000086f48fe8}: 'void java.lang.invoke.DirectMethodHandle$Holder.invokeInterface(java.lang.Object, java.lang.Object)'> (0x0000000086f48fe8) 
thrown [./open/src/hotspot/share/interpreter/linkResolver.cpp, line 782]
Event: 5.759 Thread 0x0000013dfc08f6f0 Exception <a 'java/lang/IncompatibleClassChangeError'{0x0000000086f4c748}: Found class java.lang.Object, but interface was expected> (0x0000000086f4c748) 
thrown [./open/src/hotspot/share/interpreter/linkResolver.cpp, line 848]

Events (20 events):
Event: 5.749 Loaded shared library D:\Eclipse ide\eclipse-java-2020-12-R-win32-x86_64\eclipse\plugins\org.eclipse.justj.openjdk.hotspot.jre.full.win32.x86_64_15.0.1.v20201027-0507\jre\bin\java.dll
Event: 5.750 Thread 0x0000013d983c4ab0 Thread added: 0x0000013d983c4ab0
Event: 5.750 Thread 0x0000013d983c4f80 Thread added: 0x0000013d983c4f80
Event: 5.758 loading class java/util/concurrent/CompletionException
Event: 5.758 loading class java/util/concurrent/CompletionException done
Event: 5.759 loading class java/util/concurrent/locks/AbstractQueuedSynchronizer$ExclusiveNode
Event: 5.759 loading class java/util/IdentityHashMap$KeyIterator
Event: 5.759 Thread 0x0000013d983c4ab0 Thread exited: 0x0000013d983c4ab0
Event: 5.759 loading class java/util/concurrent/locks/AbstractQueuedSynchronizer$ExclusiveNode done
Event: 5.759 Thread 0x0000013d983c45e0 Thread exited: 0x0000013d983c45e0
Event: 5.760 loading class java/util/IdentityHashMap$IdentityHashMapIterator
Event: 5.760 loading class java/util/IdentityHashMap$IdentityHashMapIterator done
Event: 5.760 loading class java/util/IdentityHashMap$KeyIterator done
Event: 5.760 Thread 0x0000013d983c4f80 Thread exited: 0x0000013d983c4f80
Event: 5.762 loading class java/util/stream/Streams$ConcatSpliterator$OfRef
Event: 5.762 loading class java/util/stream/Streams$ConcatSpliterator
Event: 5.762 loading class java/util/stream/Streams$ConcatSpliterator done
Event: 5.762 loading class java/util/stream/Streams$ConcatSpliterator$OfRef done
Event: 5.762 loading class java/util/stream/Streams$2
Event: 5.763 loading class java/util/stream/Streams$2 done


Dynamic libraries:
0x00007ff7ee320000 - 0x00007ff7ee32d000 	D:\Eclipse ide\eclipse-java-2020-12-R-win32-x86_64\eclipse\plugins\org.eclipse.justj.openjdk.hotspot.jre.full.win32.x86_64_15.0.1.v20201027-0507\jre\bin\javaw.exe
0x00007ff881410000 - 0x00007ff881627000 	C:\WINDOWS\SYSTEM32\ntdll.dll
0x00007ff87f140000 - 0x00007ff87f204000 	C:\WINDOWS\System32\KERNEL32.DLL
0x00007ff87ebe0000 - 0x00007ff87ef97000 	C:\WINDOWS\System32\KERNELBASE.dll
0x00007ff87e8b0000 - 0x00007ff87e9c1000 	C:\WINDOWS\System32\ucrtbase.dll
0x00007ff83e5d0000 - 0x00007ff83e5e9000 	D:\Eclipse ide\eclipse-java-2020-12-R-win32-x86_64\eclipse\plugins\org.eclipse.justj.openjdk.hotspot.jre.full.win32.x86_64_15.0.1.v20201027-0507\jre\bin\VCRUNTIME140.dll
0x00007ff83e5f0000 - 0x00007ff83e608000 	D:\Eclipse ide\eclipse-java-2020-12-R-win32-x86_64\eclipse\plugins\org.eclipse.justj.openjdk.hotspot.jre.full.win32.x86_64_15.0.1.v20201027-0507\jre\bin\jli.dll
0x00007ff8803a0000 - 0x00007ff88054f000 	C:\WINDOWS\System32\USER32.dll
0x00007ff87efd0000 - 0x00007ff87eff6000 	C:\WINDOWS\System32\win32u.dll
0x00007ff8683d0000 - 0x00007ff868663000 	C:\WINDOWS\WinSxS\amd64_microsoft.windows.common-controls_6595b64144ccf1df_6.0.22621.3672_none_2713b9d173822955\COMCTL32.dll
0x00007ff880330000 - 0x00007ff880359000 	C:\WINDOWS\System32\GDI32.dll
0x00007ff87fc00000 - 0x00007ff87fca7000 	C:\WINDOWS\System32\msvcrt.dll
0x00007ff87e720000 - 0x00007ff87e838000 	C:\WINDOWS\System32\gdi32full.dll
0x00007ff87eb40000 - 0x00007ff87ebda000 	C:\WINDOWS\System32\msvcp_win.dll
0x00007ff87f210000 - 0x00007ff87f241000 	C:\WINDOWS\System32\IMM32.DLL
0x00007ff874180000 - 0x00007ff87418c000 	D:\Eclipse ide\eclipse-java-2020-12-R-win32-x86_64\eclipse\plugins\org.eclipse.justj.openjdk.hotspot.jre.full.win32.x86_64_15.0.1.v20201027-0507\jre\bin\vcruntime140_1.dll
0x00007ff81c2a0000 - 0x00007ff81c331000 	D:\Eclipse ide\eclipse-java-2020-12-R-win32-x86_64\eclipse\plugins\org.eclipse.justj.openjdk.hotspot.jre.full.win32.x86_64_15.0.1.v20201027-0507\jre\bin\msvcp140.dll
0x00007ffffca30000 - 0x00007ffffd58e000 	D:\Eclipse ide\eclipse-java-2020-12-R-win32-x86_64\eclipse\plugins\org.eclipse.justj.openjdk.hotspot.jre.full.win32.x86_64_15.0.1.v20201027-0507\jre\bin\server\jvm.dll
0x00007ff87f6e0000 - 0x00007ff87f792000 	C:\WINDOWS\System32\ADVAPI32.dll
0x00007ff87fcb0000 - 0x00007ff87fd58000 	C:\WINDOWS\System32\sechost.dll
0x00007ff87efa0000 - 0x00007ff87efc8000 	C:\WINDOWS\System32\bcrypt.dll
0x00007ff880210000 - 0x00007ff880324000 	C:\WINDOWS\System32\RPCRT4.dll
0x00007ff880390000 - 0x00007ff880398000 	C:\WINDOWS\System32\PSAPI.DLL
0x00007ff873460000 - 0x00007ff873469000 	C:\WINDOWS\SYSTEM32\WSOCK32.dll
0x00007ff87fb00000 - 0x00007ff87fb71000 	C:\WINDOWS\System32\WS2_32.dll
0x00007ff874da0000 - 0x00007ff874dd4000 	C:\WINDOWS\SYSTEM32\WINMM.dll
0x00007ff874510000 - 0x00007ff87451a000 	C:\WINDOWS\SYSTEM32\VERSION.dll
0x00007ff87d770000 - 0x00007ff87d788000 	C:\WINDOWS\SYSTEM32\kernel.appcore.dll
0x00007ff85e990000 - 0x00007ff85e99a000 	D:\Eclipse ide\eclipse-java-2020-12-R-win32-x86_64\eclipse\plugins\org.eclipse.justj.openjdk.hotspot.jre.full.win32.x86_64_15.0.1.v20201027-0507\jre\bin\jimage.dll
0x00007ff87c050000 - 0x00007ff87c282000 	C:\WINDOWS\SYSTEM32\DBGHELP.DLL
0x00007ff880550000 - 0x00007ff8808de000 	C:\WINDOWS\System32\combase.dll
0x00007ff87ffd0000 - 0x00007ff8800a7000 	C:\WINDOWS\System32\OLEAUT32.dll
0x00007ff85c2d0000 - 0x00007ff85c302000 	C:\WINDOWS\SYSTEM32\dbgcore.DLL
0x00007ff87f000000 - 0x00007ff87f07b000 	C:\WINDOWS\System32\bcryptPrimitives.dll
0x00007ff824560000 - 0x00007ff824585000 	D:\Eclipse ide\eclipse-java-2020-12-R-win32-x86_64\eclipse\plugins\org.eclipse.justj.openjdk.hotspot.jre.full.win32.x86_64_15.0.1.v20201027-0507\jre\bin\java.dll
0x00007ff85e8f0000 - 0x00007ff85e908000 	D:\Eclipse ide\eclipse-java-2020-12-R-win32-x86_64\eclipse\plugins\org.eclipse.justj.openjdk.hotspot.jre.full.win32.x86_64_15.0.1.v20201027-0507\jre\bin\zip.dll
0x00007ff880b60000 - 0x00007ff8813c9000 	C:\WINDOWS\System32\SHELL32.dll
0x00007ff87c690000 - 0x00007ff87cf8f000 	C:\WINDOWS\SYSTEM32\windows.storage.dll
0x00007ff87c550000 - 0x00007ff87c68f000 	C:\WINDOWS\SYSTEM32\wintypes.dll
0x00007ff87f850000 - 0x00007ff87f949000 	C:\WINDOWS\System32\SHCORE.dll
0x00007ff87f7f0000 - 0x00007ff87f84e000 	C:\WINDOWS\System32\shlwapi.dll
0x00007ff87e650000 - 0x00007ff87e677000 	C:\WINDOWS\SYSTEM32\profapi.dll
0x00007ff857df0000 - 0x00007ff857e09000 	D:\Eclipse ide\eclipse-java-2020-12-R-win32-x86_64\eclipse\plugins\org.eclipse.justj.openjdk.hotspot.jre.full.win32.x86_64_15.0.1.v20201027-0507\jre\bin\net.dll
0x00007ff877a90000 - 0x00007ff877bc6000 	C:\WINDOWS\SYSTEM32\WINHTTP.dll
0x00007ff87dbe0000 - 0x00007ff87dc49000 	C:\WINDOWS\system32\mswsock.dll
0x00007ff824520000 - 0x00007ff824532000 	D:\Eclipse ide\eclipse-java-2020-12-R-win32-x86_64\eclipse\plugins\org.eclipse.justj.openjdk.hotspot.jre.full.win32.x86_64_15.0.1.v20201027-0507\jre\bin\nio.dll
0x00007ff87d260000 - 0x00007ff87d362000 	C:\WINDOWS\SYSTEM32\DNSAPI.dll
0x00007ff87d1f0000 - 0x00007ff87d21d000 	C:\WINDOWS\SYSTEM32\IPHLPAPI.DLL
0x00007ff87ffc0000 - 0x00007ff87ffc9000 	C:\WINDOWS\System32\NSI.dll
0x00007ff873d90000 - 0x00007ff873d9a000 	C:\Windows\System32\rasadhlp.dll
0x00007ff874560000 - 0x00007ff8745e3000 	C:\WINDOWS\System32\fwpuclnt.dll
0x00007ff87de30000 - 0x00007ff87de4b000 	C:\WINDOWS\SYSTEM32\CRYPTSP.dll
0x00007ff87d6d0000 - 0x00007ff87d705000 	C:\WINDOWS\system32\rsaenh.dll
0x00007ff87dcd0000 - 0x00007ff87dcf8000 	C:\WINDOWS\SYSTEM32\USERENV.dll
0x00007ff87de50000 - 0x00007ff87de5c000 	C:\WINDOWS\SYSTEM32\CRYPTBASE.dll
0x00007ff877a60000 - 0x00007ff877a79000 	C:\WINDOWS\SYSTEM32\dhcpcsvc6.DLL
0x00007ff877750000 - 0x00007ff87776f000 	C:\WINDOWS\SYSTEM32\dhcpcsvc.DLL
0x00007ff861c10000 - 0x00007ff861c20000 	D:\Eclipse ide\eclipse-java-2020-12-R-win32-x86_64\eclipse\plugins\org.eclipse.justj.openjdk.hotspot.jre.full.win32.x86_64_15.0.1.v20201027-0507\jre\bin\verify.dll
0x00007ff85e940000 - 0x00007ff85e94d000 	D:\Eclipse ide\eclipse-java-2020-12-R-win32-x86_64\eclipse\plugins\org.eclipse.justj.openjdk.hotspot.jre.full.win32.x86_64_15.0.1.v20201027-0507\jre\bin\sunmscapi.dll
0x00007ff87e9d0000 - 0x00007ff87eb36000 	C:\WINDOWS\System32\CRYPT32.dll
0x00007ff87dff0000 - 0x00007ff87e01d000 	C:\WINDOWS\SYSTEM32\ncrypt.dll
0x00007ff87dfb0000 - 0x00007ff87dfe7000 	C:\WINDOWS\SYSTEM32\NTASN1.dll

dbghelp: loaded successfully - version: 4.0.5 - missing functions: none
symbol engine: initialized successfully - sym options: 0x614 - pdb path: .;D:\Eclipse ide\eclipse-java-2020-12-R-win32-x86_64\eclipse\plugins\org.eclipse.justj.openjdk.hotspot.jre.full.win32.x86_64_15.0.1.v20201027-0507\jre\bin;C:\WINDOWS\SYSTEM32;C:\WINDOWS\WinSxS\amd64_microsoft.windows.common-controls_6595b64144ccf1df_6.0.22621.3672_none_2713b9d173822955;D:\Eclipse ide\eclipse-java-2020-12-R-win32-x86_64\eclipse\plugins\org.eclipse.justj.openjdk.hotspot.jre.full.win32.x86_64_15.0.1.v20201027-0507\jre\bin\server

VM Arguments:
jvm_args: -ea -Dfile.encoding=Cp1252 -XX:+ShowCodeDetailsInExceptionMessages 
java_command: org.testng.remote.RemoteTestNG -serport 58920 -protocol json -d E:\ECLIPSE Program\open\test-output E:\ECLIPSE Program\open\src\main\java\HRMTestng.xml
java_class_path (initial): D:\Eclipse ide\eclipse-java-2020-12-R-win32-x86_64\eclipse\configuration\org.eclipse.osgi\443\0\.cp\lib\testng-remote.jar;E:\ECLIPSE Program\open\target\test-classes;E:\ECLIPSE Program\open\target\classes;C:\Users\navee\.m2\repository\org\seleniumhq\selenium\selenium-java\4.23.1\selenium-java-4.23.1.jar;C:\Users\navee\.m2\repository\org\seleniumhq\selenium\selenium-api\4.23.1\selenium-api-4.23.1.jar;C:\Users\navee\.m2\repository\org\seleniumhq\selenium\selenium-chrome-driver\4.23.1\selenium-chrome-driver-4.23.1.jar;C:\Users\navee\.m2\repository\com\google\auto\service\auto-service-annotations\1.1.1\auto-service-annotations-1.1.1.jar;C:\Users\navee\.m2\repository\org\seleniumhq\selenium\selenium-chromium-driver\4.23.1\selenium-chromium-driver-4.23.1.jar;C:\Users\navee\.m2\repository\org\seleniumhq\selenium\selenium-json\4.23.1\selenium-json-4.23.1.jar;C:\Users\navee\.m2\repository\org\seleniumhq\selenium\selenium-manager\4.23.1\selenium-manager-4.23.1.jar;C:\Users\navee\.m2\repository\org\seleniumhq\selenium\selenium-devtools-v125\4.23.1\selenium-devtools-v125-4.23.1.jar;C:\Users\navee\.m2\repository\org\seleniumhq\selenium\selenium-devtools-v126\4.23.1\selenium-devtools-v126-4.23.1.jar;C:\Users\navee\.m2\repository\org\seleniumhq\selenium\selenium-devtools-v127\4.23.1\selenium-devtools-v127-4.23.1.jar;C:\Users\navee\.m2\repository\org\seleniumhq\selenium\selenium-devtools-v85\4.23.1\selenium-devtools-v85-4.23.1.jar;C:\Users\navee\.m2\repository\org\seleniumhq\selenium\selenium-edge-driver\4.23.1\selenium-edge-driver-4.23.1.jar;C:\Users\navee\.m2\repository\org\seleniumhq\selenium\selenium-firefox-driver\4.23.1\selenium-firefox-driver-4.23.1.jar;C:\Users\navee\.m2\repository\org\seleniumhq\selenium\selenium-http\4.23.1\selenium-http-4.23.1.jar;C:\Users\navee\.m2\repository\dev\failsafe\failsafe\3.3.2\failsafe-3.3.2.jar;C:\Users\navee\.m2\repository\org\seleniumhq\selenium\selenium-ie-driver\4.23.1\selenium-ie-driver-4.23.1.jar;C:\Users\na
Launcher Type: SUN_STANDARD

[Global flags]
     intx CICompilerCount                          = 4                                         {product} {ergonomic}
     uint ConcGCThreads                            = 2                                         {product} {ergonomic}
     uint G1ConcRefinementThreads                  = 8                                         {product} {ergonomic}
   size_t G1HeapRegionSize                         = 1048576                                   {product} {ergonomic}
    uintx GCDrainStackTargetSize                   = 64                                        {product} {ergonomic}
   size_t InitialHeapSize                          = 130023424                                 {product} {ergonomic}
   size_t MarkStackSize                            = 4194304                                   {product} {ergonomic}
   size_t MaxHeapSize                              = 2055208960                                {product} {ergonomic}
   size_t MaxNewSize                               = 1233125376                                {product} {ergonomic}
   size_t MinHeapDeltaBytes                        = 1048576                                   {product} {ergonomic}
   size_t MinHeapSize                              = 8388608                                   {product} {ergonomic}
    uintx NonNMethodCodeHeapSize                   = 5839372                                {pd product} {ergonomic}
    uintx NonProfiledCodeHeapSize                  = 122909434                              {pd product} {ergonomic}
    uintx ProfiledCodeHeapSize                     = 122909434                              {pd product} {ergonomic}
    uintx ReservedCodeCacheSize                    = 251658240                              {pd product} {ergonomic}
     bool SegmentedCodeCache                       = true                                      {product} {ergonomic}
     bool ShowCodeDetailsInExceptionMessages       = true                                   {manageable} {command line}
   size_t SoftMaxHeapSize                          = 2055208960                             {manageable} {ergonomic}
     bool UseCompressedClassPointers               = true                                 {lp64_product} {ergonomic}
     bool UseCompressedOops                        = true                                 {lp64_product} {ergonomic}
     bool UseG1GC                                  = true                                      {product} {ergonomic}
     bool UseLargePagesIndividualAllocation        = false                                  {pd product} {ergonomic}

Logging:
Log output configuration:
 #0: stdout all=warning uptime,level,tags
 #1: stderr all=off uptime,level,tags

Environment Variables:
JAVA_HOME=C:\Program Files\Java\jdk-18.0.2
PATH=D:/Eclipse ide/eclipse-java-2020-12-R-win32-x86_64/eclipse//plugins/org.eclipse.justj.openjdk.hotspot.jre.full.win32.x86_64_15.0.1.v20201027-0507/jre/bin/server;D:/Eclipse ide/eclipse-java-2020-12-R-win32-x86_64/eclipse//plugins/org.eclipse.justj.openjdk.hotspot.jre.full.win32.x86_64_15.0.1.v20201027-0507/jre/bin;C:\Program Files\Common Files\Oracle\Java\javapath;C:\WINDOWS\system32;C:\WINDOWS;C:\WINDOWS\System32\Wbem;C:\WINDOWS\System32\WindowsPowerShell\v1.0\;C:\WINDOWS\System32\OpenSSH\;E:\composer;C:\ProgramData\ComposerSetup\bin;E:\wamp64\bin\php\php8.0.13;C:\Program Files\Git\cmd;C:\Program Files\TortoiseGit\bin;C:\Program Files\nodejs\;C:\Program Files (x86)\Common Files\Java\Java Update\jucheck.exe;C:\Program Files\Java\jdk-22\bin;C:\Program Files\MySQL\MySQL Shell 8.0\bin\;C:\Program Files\MySQL\MySQL Shell 8.4\bin\;C:\Users\navee\AppData\Local\Programs\Python\Python39\Scripts\;C:\Users\navee\AppData\Local\Programs\Python\Python39\;C:\Users\navee\AppData\Local\Microsoft\WindowsApps;C:\Users\navee\AppData\Roaming\Composer\vendor\bin;C:\Users\navee\AppData\Local\Programs\Microsoft VS Code\bin;C:\Users\navee\AppData\Roaming\npm;C:\Program Files (x86)\Common Files\Java\Java Update\jucheck.exe;;D:\Eclipse ide\eclipse-java-2020-12-R-win32-x86_64\eclipse;
USERNAME=naveen
OS=Windows_NT
PROCESSOR_IDENTIFIER=Intel64 Family 6 Model 140 Stepping 1, GenuineIntel



---------------  S Y S T E M  ---------------

OS:
 Windows 10 , 64 bit Build 22621 (10.0.22621.3958)
OS uptime: 19 days 6:04 hours

CPU: total 8 (initial active 8) (4 cores per cpu, 2 threads per core) family 6 model 140 stepping 1 microcode 0xb4, cmov, cx8, fxsr, mmx, sse, sse2, sse3, ssse3, sse4.1, sse4.2, popcnt, vzeroupper, avx, avx2, aes, clmul, erms, 3dnowpref, lzcnt, ht, tsc, tscinvbit, bmi1, bmi2, adx, avx512f, avx512dq, avx512cd, avx512bw, avx512vl, avx512_vpopcntdq, avx512_vpclmulqdq, avx512_vbmi, avx512_vbmi2, avx512_vaes, avx512_vnni, sha, fma, clflush, clflushopt, clwb

Memory: 4k page, system-wide physical 7834M (228M free)
TotalPageFile size 31386M (AvailPageFile size 5M)
current process WorkingSet (physical memory assigned to process): 107M, peak: 109M
current process commit charge ("private bytes"): 159M, peak: 235M

vm_info: OpenJDK 64-Bit Server VM (15.0.1+9-18) for windows-amd64 JRE (15.0.1+9-18), built on Sep 15 2020 14:39:31 by "mach5one" with unknown MS VC++:1925

END.
